<?xml version="1.0" encoding="UTF-8"?>
<!-- Generated by org.testng.reporters.JUnitReportReporter -->
<testsuite hostname="DESKTOP-9MOD7AR" failures="0" tests="1" name="Tests.HomePage_Test" time="0.096" errors="0" timestamp="14 Nov 2024 09:05:15 GMT" skipped="0">
  <testcase classname="Tests.HomePage_Test" name="verifyTitle" time="0.096"/>
</testsuite> <!-- Tests.HomePage_Test -->
