<?xml version="1.0" encoding="UTF-8"?>
<!-- Generated by org.testng.reporters.JUnitReportReporter -->
<testsuite hostname="DESKTOP-9MOD7AR" failures="0" tests="3" name="Tests.FileUpload_Test" time="1.096" errors="0" timestamp="14 Nov 2024 09:05:15 GMT" skipped="0">
  <testcase classname="Tests.FileUpload_Test" name="verifyTitle" time="0.455"/>
  <testcase classname="Tests.FileUpload_Test" name="verifyFileUpload" time="0.528"/>
  <testcase classname="Tests.FileUpload_Test" name="verifyResetBtn" time="0.113"/>
</testsuite> <!-- Tests.FileUpload_Test -->
