<?xml version="1.0" encoding="UTF-8"?>
<!-- Generated by org.testng.reporters.JUnitReportReporter -->
<testsuite hostname="DESKTOP-9MOD7AR" failures="0" tests="11" name="Tests.WebForm_Test" time="8.272" errors="0" timestamp="14 Nov 2024 09:05:15 GMT" skipped="0">
  <testcase classname="Tests.WebForm_Test" name="verifyTitle" time="0.415"/>
  <testcase classname="Tests.WebForm_Test" name="verifyFirstName" time="0.459"/>
  <testcase classname="Tests.WebForm_Test" name="verifyFirstName" time="0.381"/>
  <testcase classname="Tests.WebForm_Test" name="verifyFirstName" time="0.302"/>
  <testcase classname="Tests.WebForm_Test" name="verifyLastName" time="0.239"/>
  <testcase classname="Tests.WebForm_Test" name="verifyJobTitle" time="0.210"/>
  <testcase classname="Tests.WebForm_Test" name="verifySelectHighLevelEducation" time="0.167"/>
  <testcase classname="Tests.WebForm_Test" name="verifysSelectingGender" time="0.160"/>
  <testcase classname="Tests.WebForm_Test" name="verifySelectYearsOfExperience" time="0.326"/>
  <testcase classname="Tests.WebForm_Test" name="verifySelectingDate" time="3.110"/>
  <testcase classname="Tests.WebForm_Test" name="verifySubmission" time="2.503"/>
</testsuite> <!-- Tests.WebForm_Test -->
