<?xml version="1.0" encoding="UTF-8"?>
<!-- Generated by org.testng.reporters.JUnitReportReporter -->
<testsuite hostname="DESKTOP-9MOD7AR" failures="0" tests="3" name="Tests.SwitchWindow_Test" time="1.723" errors="0" timestamp="14 Nov 2024 09:05:15 GMT" skipped="0">
  <testcase classname="Tests.SwitchWindow_Test" name="verifyTitle" time="1.021"/>
  <testcase classname="Tests.SwitchWindow_Test" name="verifyWindowHandling" time="0.567"/>
  <testcase classname="Tests.SwitchWindow_Test" name="verifyAlertText" time="0.135"/>
</testsuite> <!-- Tests.SwitchWindow_Test -->
