<?xml version="1.0" encoding="UTF-8"?>
<!-- Generated by org.testng.reporters.JUnitReportReporter -->
<testsuite hostname="DESKTOP-9MOD7AR" failures="0" tests="3" name="Tests.Dropdown_Test" time="1.566" errors="0" timestamp="14 Nov 2024 09:05:15 GMT" skipped="0">
  <testcase classname="Tests.Dropdown_Test" name="verifyTitle" time="0.950"/>
  <testcase classname="Tests.Dropdown_Test" name="verifyDropdownOptionsSize" time="0.116"/>
  <testcase classname="Tests.Dropdown_Test" name="verifyOptionIsSelected" time="0.500"/>
</testsuite> <!-- Tests.Dropdown_Test -->
